Drill report for ProtoBoard.kicad_pcb
Created on 15/03/2023 17:39:22

Copper Layer Stackup:
    =============================================================
    L1 :  F.Cu                      front
    L2 :  In1.Cu                    in1
    L3 :  In2.Cu                    in2
    L4 :  B.Cu                      back


Drill file 'ProtoBoard-PTH.drl' contains
    plated through holes:
    =============================================================
    T1  0,400mm  0,0157"  (100 holes)
    T2  0,650mm  0,0256"  (4 holes)  (with 4 slots)
    T3  1,000mm  0,0394"  (68 holes)
    T4  2,200mm  0,0866"  (4 holes)

    Total plated holes count 176


Drill file 'ProtoBoard-NPTH.drl' contains
    unplated through holes:
    =============================================================
    T1  0,700mm  0,0276"  (2 holes)

    Total unplated holes count 2
