Drill report for ProtoBoardSE.kicad_pcb
Created on 2022 December 18, Sunday 13:39:49

Copper Layer Stackup:
    =============================================================
    L1 :  F.Cu                      front
    L2 :  B.Cu                      back


Drill file 'ProtoBoardSE-PTH.drl' contains
    plated through holes:
    =============================================================
    T1  0.400mm  0.0157"  (44 holes)
    T2  0.650mm  0.0256"  (8 holes)  (with 8 slots)
    T3  0.950mm  0.0374"  (35 holes)
    T4  1.000mm  0.0394"  (15 holes)

    Total plated holes count 102


Drill file 'ProtoBoardSE-NPTH.drl' contains
    unplated through holes:
    =============================================================
    T1  0.700mm  0.0276"  (4 holes)
    T2  1.200mm  0.0472"  (6 holes)
    T3  2.200mm  0.0866"  (4 holes)

    Total unplated holes count 14
